Determining if the pthread_create exist failed with the following output:
Change Dir: /home/helios789/catkin_ws/build/CMakeFiles/CMakeTmp

Run Build Command:"/usr/bin/make" "cmTC_be0b4/fast"
/usr/bin/make -f CMakeFiles/cmTC_be0b4.dir/build.make CMakeFiles/cmTC_be0b4.dir/build
make[1]: 디렉터리 '/home/helios789/catkin_ws/build/CMakeFiles/CMakeTmp' 들어감
Building C object CMakeFiles/cmTC_be0b4.dir/CheckSymbolExists.c.o
/usr/bin/cc     -o CMakeFiles/cmTC_be0b4.dir/CheckSymbolExists.c.o   -c /home/helios789/catkin_ws/build/CMakeFiles/CMakeTmp/CheckSymbolExists.c
Linking C executable cmTC_be0b4
/usr/bin/cmake -E cmake_link_script CMakeFiles/cmTC_be0b4.dir/link.txt --verbose=1
/usr/bin/cc       CMakeFiles/cmTC_be0b4.dir/CheckSymbolExists.c.o  -o cmTC_be0b4 -rdynamic 
CMakeFiles/cmTC_be0b4.dir/CheckSymbolExists.c.o: In function `main':
CheckSymbolExists.c:(.text+0x16): undefined reference to `pthread_create'
collect2: error: ld returned 1 exit status
CMakeFiles/cmTC_be0b4.dir/build.make:97: 'cmTC_be0b4' 타겟에 대한 명령이 실패했습니다
make[1]: *** [cmTC_be0b4] 오류 1
make[1]: 디렉터리 '/home/helios789/catkin_ws/build/CMakeFiles/CMakeTmp' 나감
Makefile:126: 'cmTC_be0b4/fast' 타겟에 대한 명령이 실패했습니다
make: *** [cmTC_be0b4/fast] 오류 2

File /home/helios789/catkin_ws/build/CMakeFiles/CMakeTmp/CheckSymbolExists.c:
/* */
#include <pthread.h>

int main(int argc, char** argv)
{
  (void)argv;
#ifndef pthread_create
  return ((int*)(&pthread_create))[argc];
#else
  (void)argc;
  return 0;
#endif
}

Determining if the function pthread_create exists in the pthreads failed with the following output:
Change Dir: /home/helios789/catkin_ws/build/CMakeFiles/CMakeTmp

Run Build Command:"/usr/bin/make" "cmTC_64df2/fast"
/usr/bin/make -f CMakeFiles/cmTC_64df2.dir/build.make CMakeFiles/cmTC_64df2.dir/build
make[1]: 디렉터리 '/home/helios789/catkin_ws/build/CMakeFiles/CMakeTmp' 들어감
Building C object CMakeFiles/cmTC_64df2.dir/CheckFunctionExists.c.o
/usr/bin/cc    -DCHECK_FUNCTION_EXISTS=pthread_create   -o CMakeFiles/cmTC_64df2.dir/CheckFunctionExists.c.o   -c /usr/share/cmake-3.5/Modules/CheckFunctionExists.c
Linking C executable cmTC_64df2
/usr/bin/cmake -E cmake_link_script CMakeFiles/cmTC_64df2.dir/link.txt --verbose=1
/usr/bin/cc   -DCHECK_FUNCTION_EXISTS=pthread_create    CMakeFiles/cmTC_64df2.dir/CheckFunctionExists.c.o  -o cmTC_64df2 -rdynamic -lpthreads 
/usr/bin/ld: cannot find -lpthreads
collect2: error: ld returned 1 exit status
CMakeFiles/cmTC_64df2.dir/build.make:97: 'cmTC_64df2' 타겟에 대한 명령이 실패했습니다
make[1]: *** [cmTC_64df2] 오류 1
make[1]: 디렉터리 '/home/helios789/catkin_ws/build/CMakeFiles/CMakeTmp' 나감
Makefile:126: 'cmTC_64df2/fast' 타겟에 대한 명령이 실패했습니다
make: *** [cmTC_64df2/fast] 오류 2


